number,value,datetime_start,datetime_complete,duration,params_bagging_fraction,params_feature_fraction,params_lambda_l1,params_lambda_l2,params_learning_rate,params_max_depth,params_min_data_in_leaf,params_min_gain_to_split,params_num_leaves,params_scale_pos_weight,user_attrs_best_iteration,system_attrs_tpe:relative_params:0,state
0,0.9687042298923801,2026-10-06 13:21:21.744960,2026-10-06 13:22:01.773940,0 days 00:00:40.028980,0.884224758569485,0.7011263188981409,0.00020266036472258643,0.0555395688690833,0.029693012662909222,13,239,0.20597720658041646,58,1.7622412652198358,1996,,COMPLETE
1,0.96938916367478,2026-10-06 13:22:01.778090,2026-10-06 13:22:39.709182,0 days 00:00:37.931092,0.7769650564717339,0.6600213456462262,0.5349736903009067,0.005366979199924131,0.048493407682047705,10,186,0.26740216645207643,62,2.4866333464368626,1710,,COMPLETE
2,0.9673886315754614,2026-10-06 13:22:39.710316,2026-10-06 13:23:03.674984,0 days 00:00:23.964668,0.76960283685497,0.8002383389147998,3.0867965325208298,0.036244878384213516,0.0552559468593877,13,206,0.25440748658878926,105,2.577090855912089,671,,COMPLETE
3,0.9686054375285627,2026-10-06 13:23:03.676577,2026-10-06 13:23:45.740540,0 days 00:00:42.063963,0.8772716711512831,0.8514845160683898,0.0011515274147608984,0.0013416608611400982,0.03547793184255742,12,163,0.11729675894093981,69,2.4911907993405893,1992,,COMPLETE
4,0.9686966788160731,2026-10-06 13:23:45.741308,2026-10-06 13:24:30.486768,0 days 00:00:44.745460,0.843385196387119,0.9772134916475633,0.007640552121133118,0.004914496308179397,0.026370260774632344,15,260,0.1533288679929982,68,1.3291906383182293,1972,,COMPLETE
5,0.9679611377499842,2026-10-06 13:24:30.488383,2026-10-06 13:25:04.594563,0 days 00:00:34.106180,0.7565594958977989,0.6681712285795248,0.36143222333826125,4.86899455235202,0.0498475851900407,7,260,0.09317719400677259,187,2.793187539477687,1999,,COMPLETE
6,0.9686907814615663,2026-10-06 13:25:04.596445,2026-10-06 13:25:49.087744,0 days 00:00:44.491299,0.9912008478936744,0.6801947088376757,1.5869251237077937,2.270480485904275,0.025687662529489053,10,297,0.09515367013695526,75,2.079027435672717,1984,,COMPLETE
7,0.9711454374553233,2026-10-06 13:25:49.088451,2026-10-06 13:26:58.567398,0 days 00:01:09.478947,0.9736588448553326,0.722821538420358,0.0005696586820743368,0.0008602035237815764,0.020319991667395017,14,325,0.16653270910696674,154,1.576272949486981,1997,,COMPLETE
8,0.9688697825170081,2026-10-06 13:26:58.569329,2026-10-06 13:27:18.538737,0 days 00:00:19.969408,0.9042338656703288,0.8382782120852548,0.93043189198891,1.485814465674598,0.06144910121156409,13,88,0.3075374173162264,148,1.6118539723845604,445,,COMPLETE
9,0.9694261569431876,2026-10-06 13:27:18.539645,2026-10-06 13:27:50.061913,0 days 00:00:31.522268,0.7270538209994134,0.6598709803750924,0.00019821612413526245,0.00448932344188592,0.051924078013609924,15,159,0.36814836517258065,85,1.0829206623032264,1143,,COMPLETE
10,0.9708168372018624,2026-10-06 13:27:50.062759,2026-10-06 13:28:46.570908,0 days 00:00:56.508149,0.8528096614233991,0.6664943834861857,0.006390722571868982,0.0009560623877323658,0.029568012343981133,14,195,0.10019347664188738,139,2.6258833382942415,1531,"{""bagging_fraction"": 0.8528096614233991, ""feature_fraction"": 0.6664943834861857, ""lambda_l1"": 0.006390722571868982, ""lambda_l2"": 0.0009560623877323658, ""learning_rate"": 0.029568012343981133, ""max_depth"": 14, ""min_data_in_leaf"": 195, ""min_gain_to_split"": 0.10019347664188738, ""num_leaves"": 139, ""scale_pos_weight"": 2.6258833382942415}",COMPLETE
11,0.9703002985774543,2026-10-06 13:28:46.572719,2026-10-06 13:29:46.990718,0 days 00:01:00.417999,0.8612305273189537,0.7507019132710646,0.0056992673798503535,0.00796762375951977,0.022279892689150985,13,222,0.03728109198005827,115,2.470415818778785,1987,"{""bagging_fraction"": 0.8612305273189537, ""feature_fraction"": 0.7507019132710646, ""lambda_l1"": 0.0056992673798503535, ""lambda_l2"": 0.00796762375951977, ""learning_rate"": 0.022279892689150985, ""max_depth"": 13, ""min_data_in_leaf"": 222, ""min_gain_to_split"": 0.03728109198005827, ""num_leaves"": 115, ""scale_pos_weight"": 2.470415818778785}",COMPLETE
12,0.97140147350009,2026-10-06 13:29:46.991714,2026-10-06 13:30:49.791320,0 days 00:01:02.799606,0.9642338121337375,0.6854825726787692,0.0005502743563291333,0.0001132988013301976,0.022953793635476328,13,187,0.18187270505067207,189,1.2834380696336196,1700,"{""bagging_fraction"": 0.9642338121337375, ""feature_fraction"": 0.6854825726787692, ""lambda_l1"": 0.0005502743563291333, ""lambda_l2"": 0.0001132988013301976, ""learning_rate"": 0.022953793635476328, ""max_depth"": 13, ""min_data_in_leaf"": 187, ""min_gain_to_split"": 0.18187270505067207, ""num_leaves"": 189, ""scale_pos_weight"": 1.2834380696336196}",COMPLETE
13,0.9708557474289163,2026-10-06 13:30:49.792361,2026-10-06 13:31:44.309326,0 days 00:00:54.516965,0.9814711223036436,0.6609231941522522,0.008223873335919228,0.006275031627026414,0.02308774750799043,15,296,0.23224828863321856,146,1.5083611899807063,1591,"{""bagging_fraction"": 0.9814711223036436, ""feature_fraction"": 0.6609231941522522, ""lambda_l1"": 0.008223873335919228, ""lambda_l2"": 0.006275031627026414, ""learning_rate"": 0.02308774750799043, ""max_depth"": 15, ""min_data_in_leaf"": 296, ""min_gain_to_split"": 0.23224828863321856, ""num_leaves"": 146, ""scale_pos_weight"": 1.5083611899807063}",COMPLETE
14,0.9714215474324934,2026-10-06 13:31:44.311836,2026-10-06 13:32:58.049921,0 days 00:01:13.738085,0.9770115855646581,0.7911264699738962,0.0006244160299251667,0.000620309172708055,0.02564019136529171,13,426,0.04485173036147287,190,1.148841518462353,1912,"{""bagging_fraction"": 0.9770115855646581, ""feature_fraction"": 0.7911264699738962, ""lambda_l1"": 0.0006244160299251667, ""lambda_l2"": 0.000620309172708055, ""learning_rate"": 0.02564019136529171, ""max_depth"": 13, ""min_data_in_leaf"": 426, ""min_gain_to_split"": 0.04485173036147287, ""num_leaves"": 190, ""scale_pos_weight"": 1.148841518462353}",COMPLETE
15,0.9706663357807814,2026-10-06 13:32:58.051286,2026-10-06 13:34:12.235837,0 days 00:01:14.184551,0.9726103733232395,0.9032916683279203,0.00018512997222434362,0.00024809972179727884,0.022587980312467004,13,302,0.04785568160501094,151,1.5583662827203315,1938,"{""bagging_fraction"": 0.9726103733232395, ""feature_fraction"": 0.9032916683279203, ""lambda_l1"": 0.00018512997222434362, ""lambda_l2"": 0.00024809972179727884, ""learning_rate"": 0.022587980312467004, ""max_depth"": 13, ""min_data_in_leaf"": 302, ""min_gain_to_split"": 0.04785568160501094, ""num_leaves"": 151, ""scale_pos_weight"": 1.5583662827203315}",COMPLETE
16,0.9718945394647492,2026-10-06 13:34:12.237274,2026-10-06 13:35:35.952763,0 days 00:01:23.715489,0.9734239233555472,0.7100604360946486,0.0011452126121577974,0.0003332516306493827,0.023215180591616577,15,108,0.0804859161658962,177,1.2823852686515433,1877,"{""bagging_fraction"": 0.9734239233555472, ""feature_fraction"": 0.7100604360946486, ""lambda_l1"": 0.0011452126121577974, ""lambda_l2"": 0.0003332516306493827, ""learning_rate"": 0.023215180591616577, ""max_depth"": 15, ""min_data_in_leaf"": 108, ""min_gain_to_split"": 0.0804859161658962, ""num_leaves"": 177, ""scale_pos_weight"": 1.2823852686515433}",COMPLETE
17,0.9715924433405244,2026-10-06 13:35:35.955154,2026-10-06 13:37:01.687745,0 days 00:01:25.732591,0.9594431184156753,0.815451440681218,0.002146649707005549,0.0020889776457677285,0.028987398030125393,15,133,0.04051437734251566,172,1.0099899251125979,1447,"{""bagging_fraction"": 0.9594431184156753, ""feature_fraction"": 0.815451440681218, ""lambda_l1"": 0.002146649707005549, ""lambda_l2"": 0.0020889776457677285, ""learning_rate"": 0.028987398030125393, ""max_depth"": 15, ""min_data_in_leaf"": 133, ""min_gain_to_split"": 0.04051437734251566, ""num_leaves"": 172, ""scale_pos_weight"": 1.0099899251125979}",COMPLETE
18,0.9705622871715504,2026-10-06 13:37:01.690124,2026-10-06 13:37:43.328325,0 days 00:00:41.638201,0.9537791879000955,0.7993283466106414,0.0073552277412082204,0.0016781975212788829,0.03746994376293848,15,108,0.12257287510306879,162,1.4411089334376082,802,"{""bagging_fraction"": 0.9537791879000955, ""feature_fraction"": 0.7993283466106414, ""lambda_l1"": 0.0073552277412082204, ""lambda_l2"": 0.0016781975212788829, ""learning_rate"": 0.03746994376293848, ""max_depth"": 15, ""min_data_in_leaf"": 108, ""min_gain_to_split"": 0.12257287510306879, ""num_leaves"": 162, ""scale_pos_weight"": 1.4411089334376082}",COMPLETE
19,0.9708590442581277,2026-10-06 13:37:43.329058,2026-10-06 13:38:37.538069,0 days 00:00:54.209011,0.9639367980855039,0.8428822391222576,0.00010128945843421264,0.0030881209490101333,0.03350023783315832,13,139,0.11167433308680756,128,1.154496246681347,1606,"{""bagging_fraction"": 0.9639367980855039, ""feature_fraction"": 0.8428822391222576, ""lambda_l1"": 0.00010128945843421264, ""lambda_l2"": 0.0030881209490101333, ""learning_rate"": 0.03350023783315832, ""max_depth"": 13, ""min_data_in_leaf"": 139, ""min_gain_to_split"": 0.11167433308680756, ""num_leaves"": 128, ""scale_pos_weight"": 1.154496246681347}",COMPLETE
