number,value,datetime_start,datetime_complete,duration,params_bagging_fraction,params_feature_fraction,params_lambda_l1,params_lambda_l2,params_learning_rate,params_max_depth,params_min_data_in_leaf,params_min_gain_to_split,params_num_leaves,params_scale_pos_weight,user_attrs_best_iteration,system_attrs_tpe:relative_params:0,state
0,0.8249237019347011,2026-10-06 13:04:40.792110,2026-10-06 13:04:46.624798,0 days 00:00:05.832688,0.7467983561008608,0.7046065241548528,0.00019517224641449495,3.9050421894041403,0.040392209797665515,12,213,0.3005575058716044,148,2.6687148364280118,54,,COMPLETE
1,0.8391589313789731,2026-10-06 13:04:46.625473,2026-10-06 13:04:53.153452,0 days 00:00:06.527979,0.7550213529560301,0.7136387385224853,0.003320559103751959,0.06049919340010417,0.025667951754861307,13,94,0.21597250932105788,153,1.4973985685400286,63,,COMPLETE
2,0.8341135082016385,2026-10-06 13:04:53.154005,2026-10-06 13:04:55.768330,0 days 00:00:02.614325,0.9355527884179041,0.8096244944759626,0.0009962513222055117,0.053207417808367824,0.054741324863592136,8,130,0.29620728443102123,40,1.0665124635076766,39,,COMPLETE
3,0.8280716691699174,2026-10-06 13:04:55.768880,2026-10-06 13:04:57.536507,0 days 00:00:01.767627,0.9425192044349383,0.9879712115760958,0.0033347927286375843,0.00032942974196245345,0.054440076788856866,6,449,0.34211651325607845,42,1.8407643999442278,9,,COMPLETE
4,0.8357808074013947,2026-10-06 13:04:57.537199,2026-10-06 13:05:00.523934,0 days 00:00:02.986735,0.8987566853061946,0.7405729935600059,0.0036187233309596225,0.0571342038590756,0.02923009210966768,6,413,0.2733551396716398,71,1.2920921021622347,82,,COMPLETE
5,0.8208997884128403,2026-10-06 13:05:00.524472,2026-10-06 13:05:04.714600,0 days 00:00:04.190128,0.976562270506935,0.8592649925838798,0.0002769889922756284,0.0010937322860783045,0.08656101929444034,14,400,0.022613644455269033,111,1.5698869384459073,18,,COMPLETE
6,0.8233069215803895,2026-10-06 13:05:04.715149,2026-10-06 13:05:08.222367,0 days 00:00:03.507218,0.8628088249474746,0.7483270783905833,0.0005065486063975355,1.7884230450325522,0.041130326489244674,13,127,0.03727532183988541,49,3.9279426703940556,34,,COMPLETE
7,0.8292342374980785,2026-10-06 13:05:08.223468,2026-10-06 13:05:10.318150,0 days 00:00:02.094682,0.9187021504122962,0.897400070346666,0.7183758655813989,0.00024689535529083024,0.06722668633919407,6,338,0.1792328642721363,44,1.1742487998266782,29,,COMPLETE
8,0.8287536459798138,2026-10-06 13:05:10.318732,2026-10-06 13:05:13.274398,0 days 00:00:02.955666,0.7975549966080241,0.7588438126004818,0.4446628955475447,0.2397238697061131,0.07552428160461476,8,68,0.44360637128816327,87,1.9244282064175122,25,,COMPLETE
9,0.8266908200199797,2026-10-06 13:05:13.275010,2026-10-06 13:05:18.353036,0 days 00:00:05.078026,0.8481386789093172,0.9198385129840964,0.04108318894699928,0.018467485329675085,0.02913872781750825,12,197,0.012709563372047594,101,1.1613339215858036,60,,COMPLETE
10,0.8328106615334945,2026-10-06 13:05:18.353612,2026-10-06 13:05:23.372276,0 days 00:00:05.018664,0.7261949498418354,0.7341500190607209,0.0031216910738208798,0.0003407102241293,0.03640306881315493,13,74,0.005363269542672411,95,1.4947464469826506,66,"{""bagging_fraction"": 0.7261949498418354, ""feature_fraction"": 0.7341500190607209, ""lambda_l1"": 0.0031216910738208798, ""lambda_l2"": 0.0003407102241293, ""learning_rate"": 0.03640306881315493, ""max_depth"": 13, ""min_data_in_leaf"": 74, ""min_gain_to_split"": 0.005363269542672411, ""num_leaves"": 95, ""scale_pos_weight"": 1.4947464469826506}",COMPLETE
11,0.8409753962181242,2026-10-06 13:05:23.373789,2026-10-06 13:05:27.773592,0 days 00:00:04.399803,0.7411331492955989,0.6620829788403851,0.008643808036023161,1.4560498994268871,0.025168049420539535,12,207,0.2770204390438237,112,1.2264900351798909,33,"{""bagging_fraction"": 0.7411331492955989, ""feature_fraction"": 0.6620829788403851, ""lambda_l1"": 0.008643808036023161, ""lambda_l2"": 1.4560498994268871, ""learning_rate"": 0.025168049420539535, ""max_depth"": 12, ""min_data_in_leaf"": 207, ""min_gain_to_split"": 0.2770204390438237, ""num_leaves"": 112, ""scale_pos_weight"": 1.2264900351798909}",COMPLETE
